<?xml version="1.0" encoding="UTF-8"?>
<!-- Generated by org.testng.reporters.JUnitReportReporter -->
<testsuite skipped="0" hostname="Madhuris-MacBook-Pro.local" name="GetRequest.GetMethod" tests="1" failures="0" timestamp="2019-08-28T22:35:31 PDT" time="3.131" errors="0">
  <testcase name="GetAPI" time="3.131" classname="GetRequest.GetMethod"/>
</testsuite> <!-- GetRequest.GetMethod -->
