<?xml version="1.0" encoding="UTF-8"?>
<!-- Generated by org.testng.reporters.JUnitReportReporter -->
<testsuite skipped="0" hostname="Madhuris-MacBook-Pro.local" name="GetRequest.getauth" tests="1" failures="0" timestamp="2019-08-28T22:50:09 PDT" time="1.954" errors="0">
  <testcase name="testauth" time="1.954" classname="GetRequest.getauth"/>
</testsuite> <!-- GetRequest.getauth -->
